<?xml version="1.0" encoding="UTF-8"?>
<!-- Generated by org.testng.reporters.JUnitReportReporter -->
<testsuite hostname="Sergey" name="alesia.isachenko.Search" tests="1" failures="0" timestamp="24 Apr 2015 15:44:39 GMT" time="53.052" errors="0">
  <testcase name="Search" time="53.052" classname="alesia.isachenko.Search"/>
</testsuite> <!-- alesia.isachenko.Search -->
