<?xml version="1.0" encoding="UTF-8"?>
<!-- Generated by org.testng.reporters.JUnitReportReporter -->
<testsuite hostname="Sergey" name="alesia.isachenko.Add_movie" tests="3" failures="0" timestamp="24 Apr 2015 15:32:26 GMT" time="78.125" errors="0">
  <testcase name="Add_movie" time="45.169" classname="alesia.isachenko.Add_movie"/>
  <testcase name="Delete_movie" time="12.762" classname="alesia.isachenko.Add_movie"/>
  <testcase name="Add_movie_neg" time="20.194" classname="alesia.isachenko.Add_movie"/>
</testsuite> <!-- alesia.isachenko.Add_movie -->
