<?xml version="1.0" encoding="UTF-8"?>
<!-- Generated by org.testng.reporters.JUnitReportReporter -->
<testsuite hostname="Sergey" name="alesia.isachenko.Login_Test_1" tests="1" failures="0" timestamp="16 Apr 2015 20:54:00 GMT" time="8.682" errors="0">
  <testcase name="testUntitled" time="8.682" classname="alesia.isachenko.Login_Test_1"/>
</testsuite> <!-- alesia.isachenko.Login_Test_1 -->
