<?xml version="1.0" encoding="UTF-8"?>
<!-- Generated by org.testng.reporters.JUnitReportReporter -->
<testsuite hostname="Sergey" name="alesia.isachenko.Login_Test_1" tests="1" failures="0" timestamp="21 Apr 2015 07:57:42 GMT" time="10.885" errors="0">
  <testcase name="Login_Test_1" time="10.885" classname="alesia.isachenko.Login_Test_1"/>
</testsuite> <!-- alesia.isachenko.Login_Test_1 -->
